2017-07-05 22:28:26 INFO  JtaApplication:40 - Testing started
2017-07-05 22:28:27 INFO  JtaApplication:79 - Testing ended
2017-07-05 22:28:27 INFO  JtaApplication:94 - Added   item 104  
2017-07-05 22:28:27 INFO  JtaApplication:79 - Testing ended
2017-07-05 22:28:27 INFO  JtaApplication:79 - Testing ended
2017-07-05 22:28:27 INFO  JtaApplication:79 - Testing ended
2017-07-05 22:28:27 INFO  JtaApplication:79 - Testing ended
2017-07-05 22:28:27 INFO  JtaApplication:80 - Added   item 118   Name: Test Name                 Type: Test Type                
2017-07-05 22:28:27 INFO  JtaApplication:79 - Testing ended
2017-07-05 22:28:27 INFO  JtaApplication:127 - Table 'items' cleared
2017-07-05 22:28:27 INFO  JtaApplication:79 - Testing ended
2017-07-05 22:28:27 INFO  JtaApplication:107 - Updated item 123   Name: New Name                  Type: type1                    
2017-07-05 22:28:27 INFO  JtaApplication:79 - Testing ended
2017-07-05 22:28:27 INFO  JtaApplication:45 - Testing started
2017-07-05 22:29:33 INFO  JtaApplication:40 - Testing started
2017-07-05 22:29:33 INFO  JtaApplication:94 - Added   item 129  
2017-07-05 22:29:33 INFO  JtaApplication:80 - Added   item 143   Name: Test Name                 Type: Test Type                
2017-07-05 22:29:33 INFO  JtaApplication:127 - Table 'items' cleared
2017-07-05 22:29:33 INFO  JtaApplication:107 - Updated item 148   Name: New Name                  Type: type1                    
2017-07-05 22:29:33 INFO  JtaApplication:45 - Testing ended
2017-07-06 00:46:00 INFO  JtaApplication:83 - Photo`s name: null_img_1499291160061
